info it worked if it ends with ok
verbose cli [ 'node', '/usr/local/bin/npm', 'version', '0.1.2' ]
info using npm@1.0.104
info using node@v0.6.0
verbose config file /Users/sjltaylor/.npmrc
verbose config file /usr/local/etc/npmrc
verbose config file /usr/local/lib/node_modules/npm/npmrc
silly testEngine { author: 'Sam Taylor <sjltaylor@gmail.com>',
silly testEngine   name: 'technicolor',
silly testEngine   description: 'Use node to remind yourself of Teletext.',
silly testEngine   version: '0.1.2',
silly testEngine   homepage: 'http://github.com/sjltaylor/technicolor',
silly testEngine   repository: { url: 'git@github.com:sjltaylor/technicolor.git' },
silly testEngine   main: './technicolor.js',
silly testEngine   engines: { node: '~0.6.0' },
silly testEngine   dependencies: {},
silly testEngine   devDependencies: {} }
verbose caching /Users/sjltaylor/Dropbox/sjltaylor/technicolor/package.json
verbose loadDefaults technicolor@0.1.1
silly exec git "status" "--porcelain"
silly spawning [ 'git', [ 'status', '--porcelain' ], null ]
ERR! Error: Git working directory not clean.
ERR! M  README.markdown
ERR! A  hello_darling.png
ERR! MM package.json
ERR! A  show_all.png
ERR!     at /usr/local/lib/node_modules/npm/lib/version.js:48:33
ERR!     at ChildProcess.<anonymous> (/usr/local/lib/node_modules/npm/lib/utils/exec.js:54:5)
ERR!     at ChildProcess.emit (events.js:70:17)
ERR!     at maybeExit (child_process.js:359:16)
ERR!     at Socket.<anonymous> (child_process.js:456:7)
ERR!     at Socket.emit (events.js:67:17)
ERR!     at Array.1 (net.js:300:10)
ERR!     at EventEmitter._tickCallback (node.js:192:40)
ERR! Report this *entire* log at:
ERR!     <http://github.com/isaacs/npm/issues>
ERR! or email it to:
ERR!     <npm-@googlegroups.com>
ERR! 
ERR! System Darwin 10.8.0
ERR! command "node" "/usr/local/bin/npm" "version" "0.1.2"
ERR! cwd /Users/sjltaylor/Dropbox/sjltaylor/technicolor
ERR! node -v v0.6.0
ERR! npm -v 1.0.104
verbose exit [ 1, true ]
